<?xml version="1.0" encoding="UTF-8"?>
<testsuite xmlns:xsi="http://www.w3.org/2001/XMLSchema-instance" xsi:noNamespaceSchemaLocation="https://maven.apache.org/surefire/maven-surefire-plugin/xsd/surefire-test-report.xsd" name="com.demo.nopcommerce.cucumber.CukeTest" time="211.122" tests="45" errors="2" skipped="3" failures="4">
  <properties>
    <property name="sun.desktop" value="windows"/>
    <property name="awt.toolkit" value="sun.awt.windows.WToolkit"/>
    <property name="file.encoding.pkg" value="sun.io"/>
    <property name="java.specification.version" value="1.8"/>
    <property name="sun.cpu.isalist" value="amd64"/>
    <property name="sun.jnu.encoding" value="Cp1252"/>
    <property name="java.class.path" value="C:\IdeaProjects\Sejal-Cucumber-Project\nopCommerce-Cucumber-Project\target\test-classes;C:\IdeaProjects\Sejal-Cucumber-Project\nopCommerce-Cucumber-Project\target\classes;C:\Users\Hemal Sheth\.m2\repository\org\seleniumhq\selenium\selenium-java\3.141.59\selenium-java-3.141.59.jar;C:\Users\Hemal Sheth\.m2\repository\org\seleniumhq\selenium\selenium-api\3.141.59\selenium-api-3.141.59.jar;C:\Users\Hemal Sheth\.m2\repository\org\seleniumhq\selenium\selenium-chrome-driver\3.141.59\selenium-chrome-driver-3.141.59.jar;C:\Users\Hemal Sheth\.m2\repository\org\seleniumhq\selenium\selenium-edge-driver\3.141.59\selenium-edge-driver-3.141.59.jar;C:\Users\Hemal Sheth\.m2\repository\org\seleniumhq\selenium\selenium-firefox-driver\3.141.59\selenium-firefox-driver-3.141.59.jar;C:\Users\Hemal Sheth\.m2\repository\org\seleniumhq\selenium\selenium-ie-driver\3.141.59\selenium-ie-driver-3.141.59.jar;C:\Users\Hemal Sheth\.m2\repository\org\seleniumhq\selenium\selenium-opera-driver\3.141.59\selenium-opera-driver-3.141.59.jar;C:\Users\Hemal Sheth\.m2\repository\org\seleniumhq\selenium\selenium-remote-driver\3.141.59\selenium-remote-driver-3.141.59.jar;C:\Users\Hemal Sheth\.m2\repository\org\seleniumhq\selenium\selenium-safari-driver\3.141.59\selenium-safari-driver-3.141.59.jar;C:\Users\Hemal Sheth\.m2\repository\org\seleniumhq\selenium\selenium-support\3.141.59\selenium-support-3.141.59.jar;C:\Users\Hemal Sheth\.m2\repository\net\bytebuddy\byte-buddy\1.8.15\byte-buddy-1.8.15.jar;C:\Users\Hemal Sheth\.m2\repository\org\apache\commons\commons-exec\1.3\commons-exec-1.3.jar;C:\Users\Hemal Sheth\.m2\repository\com\google\guava\guava\25.0-jre\guava-25.0-jre.jar;C:\Users\Hemal Sheth\.m2\repository\com\google\code\findbugs\jsr305\1.3.9\jsr305-1.3.9.jar;C:\Users\Hemal Sheth\.m2\repository\org\checkerframework\checker-compat-qual\2.0.0\checker-compat-qual-2.0.0.jar;C:\Users\Hemal Sheth\.m2\repository\com\google\errorprone\error_prone_annotations\2.1.3\error_prone_annotations-2.1.3.jar;C:\Users\Hemal Sheth\.m2\repository\com\google\j2objc\j2objc-annotations\1.1\j2objc-annotations-1.1.jar;C:\Users\Hemal Sheth\.m2\repository\org\codehaus\mojo\animal-sniffer-annotations\1.14\animal-sniffer-annotations-1.14.jar;C:\Users\Hemal Sheth\.m2\repository\com\squareup\okhttp3\okhttp\3.11.0\okhttp-3.11.0.jar;C:\Users\Hemal Sheth\.m2\repository\com\squareup\okio\okio\1.14.0\okio-1.14.0.jar;C:\Users\Hemal Sheth\.m2\repository\junit\junit\4.12\junit-4.12.jar;C:\Users\Hemal Sheth\.m2\repository\org\hamcrest\hamcrest-core\1.3\hamcrest-core-1.3.jar;C:\Users\Hemal Sheth\.m2\repository\io\github\bonigarcia\webdrivermanager\3.7.1\webdrivermanager-3.7.1.jar;C:\Users\Hemal Sheth\.m2\repository\org\slf4j\slf4j-api\1.7.25\slf4j-api-1.7.25.jar;C:\Users\Hemal Sheth\.m2\repository\com\google\code\gson\gson\2.8.5\gson-2.8.5.jar;C:\Users\Hemal Sheth\.m2\repository\org\apache\commons\commons-lang3\3.8.1\commons-lang3-3.8.1.jar;C:\Users\Hemal Sheth\.m2\repository\org\apache\httpcomponents\httpclient\4.5.6\httpclient-4.5.6.jar;C:\Users\Hemal Sheth\.m2\repository\org\apache\httpcomponents\httpcore\4.4.10\httpcore-4.4.10.jar;C:\Users\Hemal Sheth\.m2\repository\commons-logging\commons-logging\1.2\commons-logging-1.2.jar;C:\Users\Hemal Sheth\.m2\repository\commons-codec\commons-codec\1.10\commons-codec-1.10.jar;C:\Users\Hemal Sheth\.m2\repository\org\rauschig\jarchivelib\1.0.0\jarchivelib-1.0.0.jar;C:\Users\Hemal Sheth\.m2\repository\org\apache\commons\commons-compress\1.18\commons-compress-1.18.jar;C:\Users\Hemal Sheth\.m2\repository\org\jsoup\jsoup\1.11.3\jsoup-1.11.3.jar;C:\Users\Hemal Sheth\.m2\repository\commons-io\commons-io\2.6\commons-io-2.6.jar;C:\Users\Hemal Sheth\.m2\repository\info\cukes\cucumber-junit\1.2.5\cucumber-junit-1.2.5.jar;C:\Users\Hemal Sheth\.m2\repository\info\cukes\cucumber-java\1.2.5\cucumber-java-1.2.5.jar;C:\Users\Hemal Sheth\.m2\repository\info\cukes\cucumber-core\1.2.5\cucumber-core-1.2.5.jar;C:\Users\Hemal Sheth\.m2\repository\info\cukes\cucumber-html\0.2.3\cucumber-html-0.2.3.jar;C:\Users\Hemal Sheth\.m2\repository\info\cukes\cucumber-jvm-deps\1.0.5\cucumber-jvm-deps-1.0.5.jar;C:\Users\Hemal Sheth\.m2\repository\info\cukes\gherkin\2.12.2\gherkin-2.12.2.jar;C:\Users\Hemal Sheth\.m2\repository\com\vimalselvam\cucumber-extentsreport\3.0.2\cucumber-extentsreport-3.0.2.jar;C:\Users\Hemal Sheth\.m2\repository\com\aventstack\extentreports\3.1.2\extentreports-3.1.2.jar;C:\Users\Hemal Sheth\.m2\repository\org\freemarker\freemarker\2.3.23\freemarker-2.3.23.jar;C:\Users\Hemal Sheth\.m2\repository\org\mongodb\mongodb-driver\3.3.0\mongodb-driver-3.3.0.jar;C:\Users\Hemal Sheth\.m2\repository\org\mongodb\bson\3.3.0\bson-3.3.0.jar;C:\Users\Hemal Sheth\.m2\repository\org\mongodb\mongodb-driver-core\3.3.0\mongodb-driver-core-3.3.0.jar;C:\Users\Hemal Sheth\.m2\repository\org\apache\httpcomponents\httpmime\4.5.2\httpmime-4.5.2.jar;C:\Users\Hemal Sheth\.m2\repository\log4j\log4j\1.2.17\log4j-1.2.17.jar;"/>
    <property name="java.vm.vendor" value="Oracle Corporation"/>
    <property name="sun.arch.data.model" value="64"/>
    <property name="user.variant" value=""/>
    <property name="java.vendor.url" value="http://java.oracle.com/"/>
    <property name="user.timezone" value="Europe/London"/>
    <property name="java.vm.specification.version" value="1.8"/>
    <property name="os.name" value="Windows 10"/>
    <property name="user.country" value="GB"/>
    <property name="sun.java.launcher" value="SUN_STANDARD"/>
    <property name="sun.boot.library.path" value="C:\Program Files\Java\jdk1.8.0_121\jre\bin"/>
    <property name="sun.java.command" value="C:\Users\HEMALS~1\AppData\Local\Temp\surefire5563014708369662671\surefirebooter7581818566100303691.jar C:\Users\Hemal Sheth\AppData\Local\Temp\surefire5563014708369662671 2021-03-29T21-42-18_460-jvmRun1 surefire4400143732289984048tmp surefire_07783934768783655623tmp"/>
    <property name="surefire.test.class.path" value="C:\IdeaProjects\Sejal-Cucumber-Project\nopCommerce-Cucumber-Project\target\test-classes;C:\IdeaProjects\Sejal-Cucumber-Project\nopCommerce-Cucumber-Project\target\classes;C:\Users\Hemal Sheth\.m2\repository\org\seleniumhq\selenium\selenium-java\3.141.59\selenium-java-3.141.59.jar;C:\Users\Hemal Sheth\.m2\repository\org\seleniumhq\selenium\selenium-api\3.141.59\selenium-api-3.141.59.jar;C:\Users\Hemal Sheth\.m2\repository\org\seleniumhq\selenium\selenium-chrome-driver\3.141.59\selenium-chrome-driver-3.141.59.jar;C:\Users\Hemal Sheth\.m2\repository\org\seleniumhq\selenium\selenium-edge-driver\3.141.59\selenium-edge-driver-3.141.59.jar;C:\Users\Hemal Sheth\.m2\repository\org\seleniumhq\selenium\selenium-firefox-driver\3.141.59\selenium-firefox-driver-3.141.59.jar;C:\Users\Hemal Sheth\.m2\repository\org\seleniumhq\selenium\selenium-ie-driver\3.141.59\selenium-ie-driver-3.141.59.jar;C:\Users\Hemal Sheth\.m2\repository\org\seleniumhq\selenium\selenium-opera-driver\3.141.59\selenium-opera-driver-3.141.59.jar;C:\Users\Hemal Sheth\.m2\repository\org\seleniumhq\selenium\selenium-remote-driver\3.141.59\selenium-remote-driver-3.141.59.jar;C:\Users\Hemal Sheth\.m2\repository\org\seleniumhq\selenium\selenium-safari-driver\3.141.59\selenium-safari-driver-3.141.59.jar;C:\Users\Hemal Sheth\.m2\repository\org\seleniumhq\selenium\selenium-support\3.141.59\selenium-support-3.141.59.jar;C:\Users\Hemal Sheth\.m2\repository\net\bytebuddy\byte-buddy\1.8.15\byte-buddy-1.8.15.jar;C:\Users\Hemal Sheth\.m2\repository\org\apache\commons\commons-exec\1.3\commons-exec-1.3.jar;C:\Users\Hemal Sheth\.m2\repository\com\google\guava\guava\25.0-jre\guava-25.0-jre.jar;C:\Users\Hemal Sheth\.m2\repository\com\google\code\findbugs\jsr305\1.3.9\jsr305-1.3.9.jar;C:\Users\Hemal Sheth\.m2\repository\org\checkerframework\checker-compat-qual\2.0.0\checker-compat-qual-2.0.0.jar;C:\Users\Hemal Sheth\.m2\repository\com\google\errorprone\error_prone_annotations\2.1.3\error_prone_annotations-2.1.3.jar;C:\Users\Hemal Sheth\.m2\repository\com\google\j2objc\j2objc-annotations\1.1\j2objc-annotations-1.1.jar;C:\Users\Hemal Sheth\.m2\repository\org\codehaus\mojo\animal-sniffer-annotations\1.14\animal-sniffer-annotations-1.14.jar;C:\Users\Hemal Sheth\.m2\repository\com\squareup\okhttp3\okhttp\3.11.0\okhttp-3.11.0.jar;C:\Users\Hemal Sheth\.m2\repository\com\squareup\okio\okio\1.14.0\okio-1.14.0.jar;C:\Users\Hemal Sheth\.m2\repository\junit\junit\4.12\junit-4.12.jar;C:\Users\Hemal Sheth\.m2\repository\org\hamcrest\hamcrest-core\1.3\hamcrest-core-1.3.jar;C:\Users\Hemal Sheth\.m2\repository\io\github\bonigarcia\webdrivermanager\3.7.1\webdrivermanager-3.7.1.jar;C:\Users\Hemal Sheth\.m2\repository\org\slf4j\slf4j-api\1.7.25\slf4j-api-1.7.25.jar;C:\Users\Hemal Sheth\.m2\repository\com\google\code\gson\gson\2.8.5\gson-2.8.5.jar;C:\Users\Hemal Sheth\.m2\repository\org\apache\commons\commons-lang3\3.8.1\commons-lang3-3.8.1.jar;C:\Users\Hemal Sheth\.m2\repository\org\apache\httpcomponents\httpclient\4.5.6\httpclient-4.5.6.jar;C:\Users\Hemal Sheth\.m2\repository\org\apache\httpcomponents\httpcore\4.4.10\httpcore-4.4.10.jar;C:\Users\Hemal Sheth\.m2\repository\commons-logging\commons-logging\1.2\commons-logging-1.2.jar;C:\Users\Hemal Sheth\.m2\repository\commons-codec\commons-codec\1.10\commons-codec-1.10.jar;C:\Users\Hemal Sheth\.m2\repository\org\rauschig\jarchivelib\1.0.0\jarchivelib-1.0.0.jar;C:\Users\Hemal Sheth\.m2\repository\org\apache\commons\commons-compress\1.18\commons-compress-1.18.jar;C:\Users\Hemal Sheth\.m2\repository\org\jsoup\jsoup\1.11.3\jsoup-1.11.3.jar;C:\Users\Hemal Sheth\.m2\repository\commons-io\commons-io\2.6\commons-io-2.6.jar;C:\Users\Hemal Sheth\.m2\repository\info\cukes\cucumber-junit\1.2.5\cucumber-junit-1.2.5.jar;C:\Users\Hemal Sheth\.m2\repository\info\cukes\cucumber-java\1.2.5\cucumber-java-1.2.5.jar;C:\Users\Hemal Sheth\.m2\repository\info\cukes\cucumber-core\1.2.5\cucumber-core-1.2.5.jar;C:\Users\Hemal Sheth\.m2\repository\info\cukes\cucumber-html\0.2.3\cucumber-html-0.2.3.jar;C:\Users\Hemal Sheth\.m2\repository\info\cukes\cucumber-jvm-deps\1.0.5\cucumber-jvm-deps-1.0.5.jar;C:\Users\Hemal Sheth\.m2\repository\info\cukes\gherkin\2.12.2\gherkin-2.12.2.jar;C:\Users\Hemal Sheth\.m2\repository\com\vimalselvam\cucumber-extentsreport\3.0.2\cucumber-extentsreport-3.0.2.jar;C:\Users\Hemal Sheth\.m2\repository\com\aventstack\extentreports\3.1.2\extentreports-3.1.2.jar;C:\Users\Hemal Sheth\.m2\repository\org\freemarker\freemarker\2.3.23\freemarker-2.3.23.jar;C:\Users\Hemal Sheth\.m2\repository\org\mongodb\mongodb-driver\3.3.0\mongodb-driver-3.3.0.jar;C:\Users\Hemal Sheth\.m2\repository\org\mongodb\bson\3.3.0\bson-3.3.0.jar;C:\Users\Hemal Sheth\.m2\repository\org\mongodb\mongodb-driver-core\3.3.0\mongodb-driver-core-3.3.0.jar;C:\Users\Hemal Sheth\.m2\repository\org\apache\httpcomponents\httpmime\4.5.2\httpmime-4.5.2.jar;C:\Users\Hemal Sheth\.m2\repository\log4j\log4j\1.2.17\log4j-1.2.17.jar;"/>
    <property name="sun.cpu.endian" value="little"/>
    <property name="user.home" value="C:\Users\Hemal Sheth"/>
    <property name="user.language" value="en"/>
    <property name="java.specification.vendor" value="Oracle Corporation"/>
    <property name="java.home" value="C:\Program Files\Java\jdk1.8.0_121\jre"/>
    <property name="basedir" value="C:\IdeaProjects\Sejal-Cucumber-Project\nopCommerce-Cucumber-Project"/>
    <property name="file.separator" value="\"/>
    <property name="line.separator" value="&#10;"/>
    <property name="java.vm.specification.vendor" value="Oracle Corporation"/>
    <property name="java.specification.name" value="Java Platform API Specification"/>
    <property name="java.awt.graphicsenv" value="sun.awt.Win32GraphicsEnvironment"/>
    <property name="surefire.real.class.path" value="C:\Users\HEMALS~1\AppData\Local\Temp\surefire5563014708369662671\surefirebooter7581818566100303691.jar"/>
    <property name="sun.boot.class.path" value="C:\Program Files\Java\jdk1.8.0_121\jre\lib\resources.jar;C:\Program Files\Java\jdk1.8.0_121\jre\lib\rt.jar;C:\Program Files\Java\jdk1.8.0_121\jre\lib\sunrsasign.jar;C:\Program Files\Java\jdk1.8.0_121\jre\lib\jsse.jar;C:\Program Files\Java\jdk1.8.0_121\jre\lib\jce.jar;C:\Program Files\Java\jdk1.8.0_121\jre\lib\charsets.jar;C:\Program Files\Java\jdk1.8.0_121\jre\lib\jfr.jar;C:\Program Files\Java\jdk1.8.0_121\jre\classes"/>
    <property name="user.script" value=""/>
    <property name="sun.management.compiler" value="HotSpot 64-Bit Tiered Compilers"/>
    <property name="java.runtime.version" value="1.8.0_121-b13"/>
    <property name="user.name" value="Hemal Sheth"/>
    <property name="path.separator" value=";"/>
    <property name="os.version" value="10.0"/>
    <property name="java.endorsed.dirs" value="C:\Program Files\Java\jdk1.8.0_121\jre\lib\endorsed"/>
    <property name="java.runtime.name" value="Java(TM) SE Runtime Environment"/>
    <property name="file.encoding" value="Cp1252"/>
    <property name="java.vm.name" value="Java HotSpot(TM) 64-Bit Server VM"/>
    <property name="localRepository" value="C:\Users\Hemal Sheth\.m2\repository"/>
    <property name="java.vendor.url.bug" value="http://bugreport.sun.com/bugreport/"/>
    <property name="java.io.tmpdir" value="C:\Users\HEMALS~1\AppData\Local\Temp\"/>
    <property name="java.version" value="1.8.0_121"/>
    <property name="user.dir" value="C:\IdeaProjects\Sejal-Cucumber-Project\nopCommerce-Cucumber-Project"/>
    <property name="os.arch" value="amd64"/>
    <property name="java.vm.specification.name" value="Java Virtual Machine Specification"/>
    <property name="java.awt.printerjob" value="sun.awt.windows.WPrinterJob"/>
    <property name="sun.os.patch.level" value=""/>
    <property name="java.library.path" value="C:\Program Files\Java\jdk1.8.0_121\jre\bin;C:\WINDOWS\Sun\Java\bin;C:\WINDOWS\system32;C:\WINDOWS;C:\Program Files (x86)\Common Files\Oracle\Java\javapath;C:\ProgramData\Oracle\Java\javapath;C:\WINDOWS\system32;C:\WINDOWS;C:\WINDOWS\System32\Wbem;C:\WINDOWS\System32\WindowsPowerShell\v1.0\;C:\WINDOWS\System32\OpenSSH\;C:\Program Files\Java\jdk1.8.0_121\bin;C:\Program Files\Git\cmd;C:\Program Files\Apache\apache-maven-3.6.3\bin;C:\Program Files\nodejs\;C:\Users\Hemal Sheth\AppData\Local\Microsoft\WindowsApps;C:\Users\Hemal Sheth\AppData\Roaming\npm;;."/>
    <property name="java.vm.info" value="mixed mode"/>
    <property name="java.vendor" value="Oracle Corporation"/>
    <property name="java.vm.version" value="25.121-b13"/>
    <property name="java.ext.dirs" value="C:\Program Files\Java\jdk1.8.0_121\jre\lib\ext;C:\WINDOWS\Sun\Java\lib\ext"/>
    <property name="sun.io.unicode.encoding" value="UnicodeLittle"/>
    <property name="java.class.version" value="52.0"/>
  </properties>
  <testcase name="Given User is on home page" classname="| Square1 | Male | Sheth | 2 | May | 2009 | abc@gmail.com | abc123 | 123123 |  | The password and confirmation password do not match. |" time="0.005"/>
  <testcase name="When User clicks on register link" classname="| Square1 | Male | Sheth | 2 | May | 2009 | abc@gmail.com | abc123 | 123123 |  | The password and confirmation password do not match. |" time="0"/>
  <testcase name="And User clicks on &quot;Male&quot; gender radio button" classname="| Square1 | Male | Sheth | 2 | May | 2009 | abc@gmail.com | abc123 | 123123 |  | The password and confirmation password do not match. |" time="0"/>
  <testcase name="And User enters last name &quot;Sheth&quot;" classname="| Square1 | Male | Sheth | 2 | May | 2009 | abc@gmail.com | abc123 | 123123 |  | The password and confirmation password do not match. |" time="0"/>
  <testcase name="And User enters day &quot;2&quot;" classname="| Square1 | Male | Sheth | 2 | May | 2009 | abc@gmail.com | abc123 | 123123 |  | The password and confirmation password do not match. |" time="0"/>
  <testcase name="And User enters month &quot;May&quot;" classname="| Square1 | Male | Sheth | 2 | May | 2009 | abc@gmail.com | abc123 | 123123 |  | The password and confirmation password do not match. |" time="0.002"/>
  <testcase name="And User enters year &quot;2009&quot;" classname="| Square1 | Male | Sheth | 2 | May | 2009 | abc@gmail.com | abc123 | 123123 |  | The password and confirmation password do not match. |" time="0"/>
  <testcase name="And User enters email address &quot;abc@gmail.com&quot;" classname="| Square1 | Male | Sheth | 2 | May | 2009 | abc@gmail.com | abc123 | 123123 |  | The password and confirmation password do not match. |" time="0"/>
  <testcase name="And User enters company name &quot;Square1&quot;" classname="| Square1 | Male | Sheth | 2 | May | 2009 | abc@gmail.com | abc123 | 123123 |  | The password and confirmation password do not match. |" time="0"/>
  <testcase name="And User enters register password &quot;abc123&quot;" classname="| Square1 | Male | Sheth | 2 | May | 2009 | abc@gmail.com | abc123 | 123123 |  | The password and confirmation password do not match. |" time="0"/>
  <testcase name="And User enters register confirm password &quot;123123&quot;" classname="| Square1 | Male | Sheth | 2 | May | 2009 | abc@gmail.com | abc123 | 123123 |  | The password and confirmation password do not match. |" time="0"/>
  <testcase name="And User clicks on Register button" classname="| Square1 | Male | Sheth | 2 | May | 2009 | abc@gmail.com | abc123 | 123123 |  | The password and confirmation password do not match. |" time="0"/>
  <testcase name="Then User should see the error message &quot;&quot; on register page" classname="| Square1 | Male | Sheth | 2 | May | 2009 | abc@gmail.com | abc123 | 123123 |  | The password and confirmation password do not match. |" time="0.016">
    <failure message="expected:&lt;[]&gt; but was:&lt;[The password and confirmation password do not match.]&gt;" type="org.junit.ComparisonFailure"><![CDATA[org.junit.ComparisonFailure: expected:<[]> but was:<[The password and confirmation password do not match.]>
]]></failure>
  </testcase>
  <testcase name="| Square1 | Male | Sheth | 2 | May | 2009 | abc@gmail.com | abc123 | 123123 |  | The password and confirmation password do not match. |" classname="| Square1 | Male | Sheth | 2 | May | 2009 | abc@gmail.com | abc123 | 123123 |  | The password and confirmation password do not match. |" time="0.017">
    <failure message="expected:&lt;[]&gt; but was:&lt;[The password and confirmation password do not match.]&gt;" type="org.junit.ComparisonFailure"><![CDATA[org.junit.ComparisonFailure: expected:<[]> but was:<[The password and confirmation password do not match.]>
]]></failure>
  </testcase>
  <testcase name="Then User should see the error message &quot;The password and confirmation password do not match.&quot; on register page" classname="| Square1 | Male | Sheth | 2 | May | 2009 | abc@gmail.com | abc123 | 123123 |  | The password and confirmation password do not match. |" time="0">
    <skipped/>
  </testcase>
  <testcase name="Given User is on home page" classname="| leicester1 | Male | 2123 | 2 | May | 2009 | abc@gmail.com | abc123 |  |  | Password is required. |" time="0"/>
  <testcase name="When User clicks on register link" classname="| leicester1 | Male | 2123 | 2 | May | 2009 | abc@gmail.com | abc123 |  |  | Password is required. |" time="0"/>
  <testcase name="And User clicks on &quot;Male&quot; gender radio button" classname="| leicester1 | Male | 2123 | 2 | May | 2009 | abc@gmail.com | abc123 |  |  | Password is required. |" time="0"/>
  <testcase name="And User enters last name &quot;2123&quot;" classname="| leicester1 | Male | 2123 | 2 | May | 2009 | abc@gmail.com | abc123 |  |  | Password is required. |" time="0"/>
  <testcase name="And User enters day &quot;2&quot;" classname="| leicester1 | Male | 2123 | 2 | May | 2009 | abc@gmail.com | abc123 |  |  | Password is required. |" time="0"/>
  <testcase name="And User enters month &quot;May&quot;" classname="| leicester1 | Male | 2123 | 2 | May | 2009 | abc@gmail.com | abc123 |  |  | Password is required. |" time="0"/>
  <testcase name="And User enters year &quot;2009&quot;" classname="| leicester1 | Male | 2123 | 2 | May | 2009 | abc@gmail.com | abc123 |  |  | Password is required. |" time="0"/>
  <testcase name="And User enters email address &quot;abc@gmail.com&quot;" classname="| leicester1 | Male | 2123 | 2 | May | 2009 | abc@gmail.com | abc123 |  |  | Password is required. |" time="0"/>
  <testcase name="And User enters company name &quot;leicester1&quot;" classname="| leicester1 | Male | 2123 | 2 | May | 2009 | abc@gmail.com | abc123 |  |  | Password is required. |" time="0"/>
  <testcase name="And User enters register password &quot;abc123&quot;" classname="| leicester1 | Male | 2123 | 2 | May | 2009 | abc@gmail.com | abc123 |  |  | Password is required. |" time="0"/>
  <testcase name="And User enters register confirm password &quot;&quot;" classname="| leicester1 | Male | 2123 | 2 | May | 2009 | abc@gmail.com | abc123 |  |  | Password is required. |" time="0"/>
  <testcase name="And User clicks on Register button" classname="| leicester1 | Male | 2123 | 2 | May | 2009 | abc@gmail.com | abc123 |  |  | Password is required. |" time="0"/>
  <testcase name="Then User should see the error message &quot;&quot; on register page" classname="| leicester1 | Male | 2123 | 2 | May | 2009 | abc@gmail.com | abc123 |  |  | Password is required. |" time="0.003">
    <failure message="expected:&lt;[]&gt; but was:&lt;[First name is required.]&gt;" type="org.junit.ComparisonFailure"><![CDATA[org.junit.ComparisonFailure: expected:<[]> but was:<[First name is required.]>
]]></failure>
  </testcase>
  <testcase name="| leicester1 | Male | 2123 | 2 | May | 2009 | abc@gmail.com | abc123 |  |  | Password is required. |" classname="| leicester1 | Male | 2123 | 2 | May | 2009 | abc@gmail.com | abc123 |  |  | Password is required. |" time="0.006">
    <failure message="expected:&lt;[]&gt; but was:&lt;[First name is required.]&gt;" type="org.junit.ComparisonFailure"><![CDATA[org.junit.ComparisonFailure: expected:<[]> but was:<[First name is required.]>
]]></failure>
  </testcase>
  <testcase name="Then User should see the error message &quot;Password is required.&quot; on register page" classname="| leicester1 | Male | 2123 | 2 | May | 2009 | abc@gmail.com | abc123 |  |  | Password is required. |" time="0">
    <skipped/>
  </testcase>
  <testcase name="Given User is on home page" classname="| leicester1 | Male | 2123 | 2 | May | 2009 | abc@gmail.com |  | abc123 | Password is required. | The password and confirmation password do not match. |" time="0"/>
  <testcase name="When User clicks on register link" classname="| leicester1 | Male | 2123 | 2 | May | 2009 | abc@gmail.com |  | abc123 | Password is required. | The password and confirmation password do not match. |" time="0"/>
  <testcase name="And User clicks on &quot;Male&quot; gender radio button" classname="| leicester1 | Male | 2123 | 2 | May | 2009 | abc@gmail.com |  | abc123 | Password is required. | The password and confirmation password do not match. |" time="0"/>
  <testcase name="And User enters last name &quot;2123&quot;" classname="| leicester1 | Male | 2123 | 2 | May | 2009 | abc@gmail.com |  | abc123 | Password is required. | The password and confirmation password do not match. |" time="0"/>
  <testcase name="And User enters day &quot;2&quot;" classname="| leicester1 | Male | 2123 | 2 | May | 2009 | abc@gmail.com |  | abc123 | Password is required. | The password and confirmation password do not match. |" time="0"/>
  <testcase name="And User enters month &quot;May&quot;" classname="| leicester1 | Male | 2123 | 2 | May | 2009 | abc@gmail.com |  | abc123 | Password is required. | The password and confirmation password do not match. |" time="0"/>
  <testcase name="And User enters year &quot;2009&quot;" classname="| leicester1 | Male | 2123 | 2 | May | 2009 | abc@gmail.com |  | abc123 | Password is required. | The password and confirmation password do not match. |" time="0"/>
  <testcase name="And User enters email address &quot;abc@gmail.com&quot;" classname="| leicester1 | Male | 2123 | 2 | May | 2009 | abc@gmail.com |  | abc123 | Password is required. | The password and confirmation password do not match. |" time="0"/>
  <testcase name="And User enters company name &quot;leicester1&quot;" classname="| leicester1 | Male | 2123 | 2 | May | 2009 | abc@gmail.com |  | abc123 | Password is required. | The password and confirmation password do not match. |" time="0"/>
  <testcase name="And User enters register password &quot;&quot;" classname="| leicester1 | Male | 2123 | 2 | May | 2009 | abc@gmail.com |  | abc123 | Password is required. | The password and confirmation password do not match. |" time="0"/>
  <testcase name="And User enters register confirm password &quot;abc123&quot;" classname="| leicester1 | Male | 2123 | 2 | May | 2009 | abc@gmail.com |  | abc123 | Password is required. | The password and confirmation password do not match. |" time="0"/>
  <testcase name="And User clicks on Register button" classname="| leicester1 | Male | 2123 | 2 | May | 2009 | abc@gmail.com |  | abc123 | Password is required. | The password and confirmation password do not match. |" time="0"/>
  <testcase name="Then User should see the error message &quot;Password is required.&quot; on register page" classname="| leicester1 | Male | 2123 | 2 | May | 2009 | abc@gmail.com |  | abc123 | Password is required. | The password and confirmation password do not match. |" time="0.003">
    <error message="no such element: Unable to locate element: {&quot;method&quot;:&quot;xpath&quot;,&quot;selector&quot;:&quot;//span[@class=&apos;field-validation-error&apos;]&quot;}&#10;  (Session info: chrome=89.0.4389.90)&#10;For documentation on this error, please visit: https://www.seleniumhq.org/exceptions/no_such_element.html&#10;Build info: version: &apos;3.141.59&apos;, revision: &apos;e82be7d358&apos;, time: &apos;2018-11-14T08:17:03&apos;&#10;System info: host: &apos;DESKTOP-3M1HFB0&apos;, ip: &apos;192.168.0.13&apos;, os.name: &apos;Windows 10&apos;, os.arch: &apos;amd64&apos;, os.version: &apos;10.0&apos;, java.version: &apos;1.8.0_121&apos;&#10;Driver info: org.openqa.selenium.chrome.ChromeDriver&#10;Capabilities {acceptInsecureCerts: false, browserName: chrome, browserVersion: 89.0.4389.90, chrome: {chromedriverVersion: 89.0.4389.23 (61b08ee2c5002..., userDataDir: C:\Users\HEMALS~1\AppData\L...}, goog:chromeOptions: {debuggerAddress: localhost:56340}, javascriptEnabled: true, networkConnectionEnabled: false, pageLoadStrategy: normal, platform: WINDOWS, platformName: WINDOWS, proxy: Proxy(), setWindowRect: true, strictFileInteractability: false, timeouts: {implicit: 0, pageLoad: 300000, script: 30000}, unhandledPromptBehavior: dismiss and notify, webauthn:extension:largeBlob: true, webauthn:virtualAuthenticators: true}&#10;Session ID: 52c86200289e888b97495dcb80a3d87c&#10;*** Element info: {Using=xpath, value=//span[@class=&apos;field-validation-error&apos;]}" type="org.openqa.selenium.NoSuchElementException">org.openqa.selenium.NoSuchElementException: 
no such element: Unable to locate element: {"method":"xpath","selector":"//span[@class='field-validation-error']"}
  (Session info: chrome=89.0.4389.90)
For documentation on this error, please visit: https://www.seleniumhq.org/exceptions/no_such_element.html
Build info: version: '3.141.59', revision: 'e82be7d358', time: '2018-11-14T08:17:03'
System info: host: 'DESKTOP-3M1HFB0', ip: '192.168.0.13', os.name: 'Windows 10', os.arch: 'amd64', os.version: '10.0', java.version: '1.8.0_121'
Driver info: org.openqa.selenium.chrome.ChromeDriver
Capabilities {acceptInsecureCerts: false, browserName: chrome, browserVersion: 89.0.4389.90, chrome: {chromedriverVersion: 89.0.4389.23 (61b08ee2c5002..., userDataDir: C:\Users\HEMALS~1\AppData\L...}, goog:chromeOptions: {debuggerAddress: localhost:56340}, javascriptEnabled: true, networkConnectionEnabled: false, pageLoadStrategy: normal, platform: WINDOWS, platformName: WINDOWS, proxy: Proxy(), setWindowRect: true, strictFileInteractability: false, timeouts: {implicit: 0, pageLoad: 300000, script: 30000}, unhandledPromptBehavior: dismiss and notify, webauthn:extension:largeBlob: true, webauthn:virtualAuthenticators: true}
Session ID: 52c86200289e888b97495dcb80a3d87c
*** Element info: {Using=xpath, value=//span[@class='field-validation-error']}
</error>
  </testcase>
  <testcase name="| leicester1 | Male | 2123 | 2 | May | 2009 | abc@gmail.com |  | abc123 | Password is required. | The password and confirmation password do not match. |" classname="| leicester1 | Male | 2123 | 2 | May | 2009 | abc@gmail.com |  | abc123 | Password is required. | The password and confirmation password do not match. |" time="0.004">
    <error message="no such element: Unable to locate element: {&quot;method&quot;:&quot;xpath&quot;,&quot;selector&quot;:&quot;//span[@class=&apos;field-validation-error&apos;]&quot;}&#10;  (Session info: chrome=89.0.4389.90)&#10;For documentation on this error, please visit: https://www.seleniumhq.org/exceptions/no_such_element.html&#10;Build info: version: &apos;3.141.59&apos;, revision: &apos;e82be7d358&apos;, time: &apos;2018-11-14T08:17:03&apos;&#10;System info: host: &apos;DESKTOP-3M1HFB0&apos;, ip: &apos;192.168.0.13&apos;, os.name: &apos;Windows 10&apos;, os.arch: &apos;amd64&apos;, os.version: &apos;10.0&apos;, java.version: &apos;1.8.0_121&apos;&#10;Driver info: org.openqa.selenium.chrome.ChromeDriver&#10;Capabilities {acceptInsecureCerts: false, browserName: chrome, browserVersion: 89.0.4389.90, chrome: {chromedriverVersion: 89.0.4389.23 (61b08ee2c5002..., userDataDir: C:\Users\HEMALS~1\AppData\L...}, goog:chromeOptions: {debuggerAddress: localhost:56340}, javascriptEnabled: true, networkConnectionEnabled: false, pageLoadStrategy: normal, platform: WINDOWS, platformName: WINDOWS, proxy: Proxy(), setWindowRect: true, strictFileInteractability: false, timeouts: {implicit: 0, pageLoad: 300000, script: 30000}, unhandledPromptBehavior: dismiss and notify, webauthn:extension:largeBlob: true, webauthn:virtualAuthenticators: true}&#10;Session ID: 52c86200289e888b97495dcb80a3d87c&#10;*** Element info: {Using=xpath, value=//span[@class=&apos;field-validation-error&apos;]}" type="org.openqa.selenium.NoSuchElementException">org.openqa.selenium.NoSuchElementException: 
no such element: Unable to locate element: {"method":"xpath","selector":"//span[@class='field-validation-error']"}
  (Session info: chrome=89.0.4389.90)
For documentation on this error, please visit: https://www.seleniumhq.org/exceptions/no_such_element.html
Build info: version: '3.141.59', revision: 'e82be7d358', time: '2018-11-14T08:17:03'
System info: host: 'DESKTOP-3M1HFB0', ip: '192.168.0.13', os.name: 'Windows 10', os.arch: 'amd64', os.version: '10.0', java.version: '1.8.0_121'
Driver info: org.openqa.selenium.chrome.ChromeDriver
Capabilities {acceptInsecureCerts: false, browserName: chrome, browserVersion: 89.0.4389.90, chrome: {chromedriverVersion: 89.0.4389.23 (61b08ee2c5002..., userDataDir: C:\Users\HEMALS~1\AppData\L...}, goog:chromeOptions: {debuggerAddress: localhost:56340}, javascriptEnabled: true, networkConnectionEnabled: false, pageLoadStrategy: normal, platform: WINDOWS, platformName: WINDOWS, proxy: Proxy(), setWindowRect: true, strictFileInteractability: false, timeouts: {implicit: 0, pageLoad: 300000, script: 30000}, unhandledPromptBehavior: dismiss and notify, webauthn:extension:largeBlob: true, webauthn:virtualAuthenticators: true}
Session ID: 52c86200289e888b97495dcb80a3d87c
*** Element info: {Using=xpath, value=//span[@class='field-validation-error']}
</error>
  </testcase>
  <testcase name="Then User should see the error message &quot;The password and confirmation password do not match.&quot; on register page" classname="| leicester1 | Male | 2123 | 2 | May | 2009 | abc@gmail.com |  | abc123 | Password is required. | The password and confirmation password do not match. |" time="0">
    <skipped/>
  </testcase>
</testsuite>